2020-04-29 20:34:52,457 [main] INFO QA - Click the dresses button
2020-04-29 20:34:54,100 [main] INFO QA - showing 1-5 dresses
2020-04-29 20:34:54,236 [main] INFO QA - click the second dress
2020-04-29 20:34:54,351 [main] INFO QA - proceeded to check out
2020-04-29 20:34:56,118 [main] INFO QA - verify the price
2020-04-29 20:34:56,169 [main] INFO QA - logout and closed the browser
2020-04-30 23:05:46,288 [main] INFO QA - Click the dresses button
2020-04-30 23:15:13,118 [main] INFO QA - Click the dresses button
2020-04-30 23:15:14,264 [main] INFO QA - showing 1-5 dresses
2020-04-30 23:15:14,421 [main] INFO QA - click the second dress
2020-04-30 23:15:14,501 [main] INFO QA - proceeded to check out
2020-04-30 23:15:15,991 [main] INFO QA - verify the price
2020-04-30 23:15:16,047 [main] INFO QA - logout and closed the browser
2020-04-30 23:16:06,019 [main] INFO QA - Click the dresses button
2020-04-30 23:30:21,004 [main] INFO QA - Click the dresses button
2020-04-30 23:30:21,064 [main] INFO QA - showing 1-5 dresses
2020-04-30 23:34:28,942 [main] INFO QA - Click the dresses button
2020-04-30 23:34:29,826 [main] INFO QA - showing 1-5 dresses
2020-04-30 23:34:29,999 [main] INFO QA - click the second dress
2020-04-30 23:34:30,109 [main] INFO QA - proceeded to check out
2020-04-30 23:34:31,244 [main] INFO QA - verify the price
2020-04-30 23:34:31,294 [main] INFO QA - logout and closed the browser
2020-04-30 23:45:29,930 [main] INFO QA - Click the dresses button
2020-04-30 23:45:30,864 [main] INFO QA - showing 1-5 dresses
2020-04-30 23:45:31,010 [main] INFO QA - click the second dress
2020-04-30 23:45:31,115 [main] INFO QA - proceeded to check out
2020-04-30 23:45:32,259 [main] INFO QA - verify the price
2020-04-30 23:45:32,308 [main] INFO QA - logout and closed the browser
2020-04-30 23:51:00,506 [main] INFO QA - Click the dresses button
2020-04-30 23:51:01,492 [main] INFO QA - showing 1-5 dresses
2020-04-30 23:51:01,659 [main] INFO QA - click the second dress
2020-04-30 23:51:01,760 [main] INFO QA - proceeded to check out
2020-04-30 23:51:02,888 [main] INFO QA - verify the price
2020-04-30 23:51:02,942 [main] INFO QA - logout and closed the browser
2020-05-02 17:04:51,263 [main] INFO QA - Click the dresses button
2020-05-02 17:04:52,313 [main] INFO QA - showing 1-5 dresses
2020-05-02 17:04:52,529 [main] INFO QA - click the second dress
2020-05-02 17:04:52,679 [main] INFO QA - proceeded to check out
2020-05-02 17:04:53,828 [main] INFO QA - verify the price
2020-05-02 17:04:53,903 [main] INFO QA - logout and closed the browser
2020-05-02 17:10:18,850 [main] INFO QA - Click the dresses button
2020-05-02 17:10:20,370 [main] INFO QA - showing 1-5 dresses
2020-05-02 17:10:20,585 [main] INFO QA - click the second dress
2020-05-02 17:10:20,768 [main] INFO QA - proceeded to check out
2020-05-02 17:10:22,386 [main] INFO QA - verify the price
2020-05-02 17:10:22,497 [main] INFO QA - logout and closed the browser
2020-05-02 17:15:16,839 [main] INFO QA - Click the dresses button
2020-05-02 17:15:17,949 [main] INFO QA - showing 1-5 dresses
2020-05-02 17:15:18,227 [main] INFO QA - click the second dress
2020-05-02 17:15:18,342 [main] INFO QA - proceeded to check out
2020-05-02 17:15:19,927 [main] INFO QA - verify the price
2020-05-02 17:15:20,029 [main] INFO QA - logout and closed the browser
